The system is: Windows - 10.0.19044 - AMD64
Compiling the C compiler identification source file "CMakeCCompilerId.c" succeeded.
Compiler: E:/apps/Visual Studio Community 2022/VC/Tools/MSVC/14.30.30705/bin/Hostx86/x64/cl.exe 
Build flags: 
Id flags:  

The output was:
0
用于 x64 的 Microsoft (R) C/C++ 优化编译器 19.30.30709 版
版权所有(C) Microsoft Corporation。保留所有权利。

CMakeCCompilerId.c
Microsoft (R) Incremental Linker Version 14.30.30709.0
Copyright (C) Microsoft Corporation.  All rights reserved.

/out:CMakeCCompilerId.exe 
CMakeCCompilerId.obj 


Compilation of the C compiler identification source "CMakeCCompilerId.c" produced "CMakeCCompilerId.exe"

Compilation of the C compiler identification source "CMakeCCompilerId.c" produced "CMakeCCompilerId.obj"

The C compiler identification is MSVC, found in "C:/Users/hello/Downloads/libtorrent-rasterbar-2.0.5/out/build/x64-Debug/CMakeFiles/3.21.21080301-MSVC_2/CompilerIdC/CMakeCCompilerId.exe"

Compiling the CXX compiler identification source file "CMakeCXXCompilerId.cpp" succeeded.
Compiler: E:/apps/Visual Studio Community 2022/VC/Tools/MSVC/14.30.30705/bin/Hostx86/x64/cl.exe 
Build flags: 
Id flags:  

The output was:
0
用于 x64 的 Microsoft (R) C/C++ 优化编译器 19.30.30709 版
版权所有(C) Microsoft Corporation。保留所有权利。

CMakeCXXCompilerId.cpp
Microsoft (R) Incremental Linker Version 14.30.30709.0
Copyright (C) Microsoft Corporation.  All rights reserved.

/out:CMakeCXXCompilerId.exe 
CMakeCXXCompilerId.obj 


Compilation of the CXX compiler identification source "CMakeCXXCompilerId.cpp" produced "CMakeCXXCompilerId.exe"

Compilation of the CXX compiler identification source "CMakeCXXCompilerId.cpp" produced "CMakeCXXCompilerId.obj"

The CXX compiler identification is MSVC, found in "C:/Users/hello/Downloads/libtorrent-rasterbar-2.0.5/out/build/x64-Debug/CMakeFiles/3.21.21080301-MSVC_2/CompilerIdCXX/CMakeCXXCompilerId.exe"

Detecting C compiler ABI info compiled with the following output:
Change Dir: C:/Users/hello/Downloads/libtorrent-rasterbar-2.0.5/out/build/x64-Debug/CMakeFiles/CMakeTmp

Run Build Command(s):E:/apps/Visual Studio Community 2022/Common7/IDE/CommonExtensions/Microsoft/CMake/Ninja/ninja.exe cmTC_abb29 && [1/2] Building C object CMakeFiles\cmTC_abb29.dir\CMakeCCompilerABI.c.obj
[2/2] Linking C executable cmTC_abb29.exe



Detecting CXX compiler ABI info compiled with the following output:
Change Dir: C:/Users/hello/Downloads/libtorrent-rasterbar-2.0.5/out/build/x64-Debug/CMakeFiles/CMakeTmp

Run Build Command(s):E:/apps/Visual Studio Community 2022/Common7/IDE/CommonExtensions/Microsoft/CMake/Ninja/ninja.exe cmTC_09c09 && [1/2] Building CXX object CMakeFiles\cmTC_09c09.dir\CMakeCXXCompilerABI.cpp.obj
[2/2] Linking CXX executable cmTC_09c09.exe



Performing C++ SOURCE FILE Test HAVE_CXX_ATOMICS_WITHOUT_LIB succeeded with the following output:
Change Dir: C:/Users/hello/Downloads/libtorrent-rasterbar-2.0.5/out/build/x64-Debug/CMakeFiles/CMakeTmp

Run Build Command(s):E:/apps/Visual Studio Community 2022/Common7/IDE/CommonExtensions/Microsoft/CMake/Ninja/ninja.exe cmTC_517b6 && [1/2] Building CXX object CMakeFiles\cmTC_517b6.dir\src.cxx.obj
[2/2] Linking CXX executable cmTC_517b6.exe


Source file was:
		#include <atomic>
		#include <cstdint>
		std::atomic<int> x{0};
		int main() {
			x.fetch_add(1, std::memory_order_relaxed);
			return 0;
		}
	
Performing C++ SOURCE FILE Test HAVE_CXX_ATOMICS64_WITHOUT_LIB succeeded with the following output:
Change Dir: C:/Users/hello/Downloads/libtorrent-rasterbar-2.0.5/out/build/x64-Debug/CMakeFiles/CMakeTmp

Run Build Command(s):E:/apps/Visual Studio Community 2022/Common7/IDE/CommonExtensions/Microsoft/CMake/Ninja/ninja.exe cmTC_c3d48 && [1/2] Building CXX object CMakeFiles\cmTC_c3d48.dir\src.cxx.obj
[2/2] Linking CXX executable cmTC_c3d48.exe


Source file was:
		#include <atomic>
		#include <cstdint>
		std::atomic<std::int64_t> x{0};
		int main() {
			x.fetch_add(1, std::memory_order_relaxed);
			return 0;
		}
	
